Started server: http://localhost:3000
👉 Webhook Hit: /webhook/dias/payment-sucess
📦 Raw Body: {"id":"ge2b07kobzdtloo7t7s0jlpp","amount":110,"method":"PIX","currency":"BRL","status":"PENDING","description":"Pagamento via Checkout","installments":1,"payer":{"name":"Isaac Dugim Assad","taxId":"13592187775","email":"teste2@teste.com","phone":"21983678055"},"externalRef":"alfi0ovo2ezviolme9elhd8z","notificationUrl":"https://acessar.vip.vitrine.top/api/webhook/dias/payment-sucess","metadata":{"extra":"{\n  \"discountByMethod\": {\n    \"percent\": 0\n  }\n}","orderId":"alfi0ovo2ezviolme9elhd8z","shopUrl":"","provider":"DiasMarketPlaceCheckout","returnUrl":"","checkoutUrl":"https://checkout.diasmarketplace.com.br/checkout/alfi0ovo2ezviolme9elhd8z","sellerEmail":"isaacdug1@gmail.com","sellerTaxId":"13592187775","referrerLink":"https://acessar.vip.vitrine.top/"},"paidAt":null,"refundedAt":null,"createdAt":"2026-01-31 23:10:28.752871+00","updatedAt":"2026-01-31T23:10:28.752Z","orderId":"alfi0ovo2ezviolme9elhd8z","data":{"method":"PIX","copypaste":"00020101021226940014br.gov.bcb.pix2572qrcode.somossimpay.com.br/v2/qr/cob/c39b9ebd-f540-4244-823f-e4289f8546d05204000053039865802BR5925WF INTERMEDIACAO LTDA  ME6009SAO PAULO62070503***6304CB27"},"splits":[{"amount":110,"currency":"BRL","percent":100,"storeId":"d2g9w6x90zhiz9lwkus9lix4","splitId":null}],"items":[{"quantity":1,"name":"integração-webhook","price":110,"type":"DIGITAL"}]}
✅ Payload Parsed: {
  id: "ge2b07kobzdtloo7t7s0jlpp",
  amount: 110,
  method: "PIX",
  currency: "BRL",
  status: "PENDING",
  description: "Pagamento via Checkout",
  installments: 1,
  payer: {
    name: "Isaac Dugim Assad",
    taxId: "13592187775",
    email: "teste2@teste.com",
    phone: "21983678055",
  },
  externalRef: "alfi0ovo2ezviolme9elhd8z",
  notificationUrl: "https://acessar.vip.vitrine.top/api/webhook/dias/payment-sucess",
  metadata: {
    extra: "{\n  \"discountByMethod\": {\n    \"percent\": 0\n  }\n}",
    orderId: "alfi0ovo2ezviolme9elhd8z",
    shopUrl: "",
    provider: "DiasMarketPlaceCheckout",
    returnUrl: "",
    checkoutUrl: "https://checkout.diasmarketplace.com.br/checkout/alfi0ovo2ezviolme9elhd8z",
    sellerEmail: "isaacdug1@gmail.com",
    sellerTaxId: "13592187775",
    referrerLink: "https://acessar.vip.vitrine.top/",
  },
  paidAt: null,
  refundedAt: null,
  createdAt: "2026-01-31 23:10:28.752871+00",
  updatedAt: "2026-01-31T23:10:28.752Z",
  orderId: "alfi0ovo2ezviolme9elhd8z",
  data: {
    method: "PIX",
    copypaste: "00020101021226940014br.gov.bcb.pix2572qrcode.somossimpay.com.br/v2/qr/cob/c39b9ebd-f540-4244-823f-e4289f8546d05204000053039865802BR5925WF INTERMEDIACAO LTDA  ME6009SAO PAULO62070503***6304CB27",
  },
  splits: [
    {
      amount: 110,
      currency: "BRL",
      percent: 100,
      storeId: "d2g9w6x90zhiz9lwkus9lix4",
      splitId: null,
    }
  ],
  items: [
    {
      quantity: 1,
      name: "integração-webhook",
      price: 110,
      type: "DIGITAL",
    }
  ],
}
ℹ️ Processing Transaction: alfi0ovo2ezviolme9elhd8z | Status: PENDING
🔍 Searching user: teste2@teste.com
👤 User Found: 3
🔍 Finding closest plan for amount: 110
📋 Closest Plan Found: Semanal (Trial) (ID: 1, Price: 990)
[Webhook] Pending subscription created for teste2@teste.com (Tx: alfi0ovo2ezviolme9elhd8z)
👉 Webhook Hit: /webhook/dias/payment-sucess
📦 Raw Body: {"id":"ge2b07kobzdtloo7t7s0jlpp","amount":110,"method":"PIX","currency":"BRL","status":"PAID","description":"Pagamento via Checkout","installments":1,"payer":{"name":"Isaac Dugim Assad","taxId":"13592187775","email":"teste2@teste.com","phone":"21983678055"},"externalRef":"alfi0ovo2ezviolme9elhd8z","notificationUrl":"https://acessar.vip.vitrine.top/api/webhook/dias/payment-sucess","metadata":{"extra":"{\n  \"discountByMethod\": {\n    \"percent\": 0\n  }\n}","orderId":"alfi0ovo2ezviolme9elhd8z","shopUrl":"","provider":"DiasMarketPlaceCheckout","returnUrl":"","checkoutUrl":"https://checkout.diasmarketplace.com.br/checkout/alfi0ovo2ezviolme9elhd8z","sellerEmail":"isaacdug1@gmail.com","sellerTaxId":"13592187775","referrerLink":"https://acessar.vip.vitrine.top/"},"paidAt":"2026-01-31T23:11:21.101Z","refundedAt":null,"createdAt":"2026-01-31 23:10:28.752871+00","updatedAt":"2026-01-31T23:11:21.101Z","orderId":"alfi0ovo2ezviolme9elhd8z","data":{"method":"PIX","copypaste":"00020101021226940014br.gov.bcb.pix2572qrcode.somossimpay.com.br/v2/qr/cob/c39b9ebd-f540-4244-823f-e4289f8546d05204000053039865802BR5925WF INTERMEDIACAO LTDA  ME6009SAO PAULO62070503***6304CB27","e2e":"E60746948202601312310M3737o55Quk"},"splits":[{"amount":110,"currency":"BRL","percent":100,"storeId":"d2g9w6x90zhiz9lwkus9lix4","splitId":null}],"items":[{"quantity":1,"name":"integração-webhook","price":110,"type":"DIGITAL"}]}
✅ Payload Parsed: {
  id: "ge2b07kobzdtloo7t7s0jlpp",
  amount: 110,
  method: "PIX",
  currency: "BRL",
  status: "PAID",
  description: "Pagamento via Checkout",
  installments: 1,
  payer: {
    name: "Isaac Dugim Assad",
    taxId: "13592187775",
    email: "teste2@teste.com",
    phone: "21983678055",
  },
  externalRef: "alfi0ovo2ezviolme9elhd8z",
  notificationUrl: "https://acessar.vip.vitrine.top/api/webhook/dias/payment-sucess",
  metadata: {
    extra: "{\n  \"discountByMethod\": {\n    \"percent\": 0\n  }\n}",
    orderId: "alfi0ovo2ezviolme9elhd8z",
    shopUrl: "",
    provider: "DiasMarketPlaceCheckout",
    returnUrl: "",
    checkoutUrl: "https://checkout.diasmarketplace.com.br/checkout/alfi0ovo2ezviolme9elhd8z",
    sellerEmail: "isaacdug1@gmail.com",
    sellerTaxId: "13592187775",
    referrerLink: "https://acessar.vip.vitrine.top/",
  },
  paidAt: "2026-01-31T23:11:21.101Z",
  refundedAt: null,
  createdAt: "2026-01-31 23:10:28.752871+00",
  updatedAt: "2026-01-31T23:11:21.101Z",
  orderId: "alfi0ovo2ezviolme9elhd8z",
  data: {
    method: "PIX",
    copypaste: "00020101021226940014br.gov.bcb.pix2572qrcode.somossimpay.com.br/v2/qr/cob/c39b9ebd-f540-4244-823f-e4289f8546d05204000053039865802BR5925WF INTERMEDIACAO LTDA  ME6009SAO PAULO62070503***6304CB27",
    e2e: "E60746948202601312310M3737o55Quk",
  },
  splits: [
    {
      amount: 110,
      currency: "BRL",
      percent: 100,
      storeId: "d2g9w6x90zhiz9lwkus9lix4",
      splitId: null,
    }
  ],
  items: [
    {
      quantity: 1,
      name: "integração-webhook",
      price: 110,
      type: "DIGITAL",
    }
  ],
}
ℹ️ Processing Transaction: alfi0ovo2ezviolme9elhd8z | Status: PAID
🔍 Searching subscription: alfi0ovo2ezviolme9elhd8z
🎫 Subscription Found: 3
[Webhook] Subscription activated for user 3 (Tx: alfi0ovo2ezviolme9elhd8z)
[SSE] Cleanup complete. Total clients: 0
[SSE] Cleanup complete. Total clients: 0
[SSE] Cleanup complete. Total clients: 0
[SSE] Cleanup complete. Total clients: 0
[SSE] Cleanup complete. Total clients: 0
[SSE] Cleanup complete. Total clients: 0
[SSE] Cleanup complete. Total clients: 0
[SSE] Cleanup complete. Total clients: 0
[Home] Ads data: {
  home_top_count: 1,
  home_middle_count: 0,
  home_bottom_count: 0,
  top_banners: 0,
  bottom_banners: 0,
  models_counts: {
    total: 20,
    recommended: 5,
    featured: 10,
    new_revelations: 5,
  },
}
[SSE] Cleanup complete. Total clients: 0
[SSE] Cleanup complete. Total clients: 0
[SSE] Cleanup complete. Total clients: 0
[SSE] Cleanup complete. Total clients: 0
[SSE] Cleanup complete. Total clients: 0
[SSE] Cleanup complete. Total clients: 0
[SSE] Cleanup complete. Total clients: 0
[SSE] Cleanup complete. Total clients: 0
[SSE] Cleanup complete. Total clients: 0
[Home] Ads data: {
  home_top_count: 1,
  home_middle_count: 0,
  home_bottom_count: 0,
  top_banners: 0,
  bottom_banners: 0,
  models_counts: {
    total: 20,
    recommended: 5,
    featured: 10,
    new_revelations: 5,
  },
}
[Home] Ads data: {
  home_top_count: 1,
  home_middle_count: 0,
  home_bottom_count: 0,
  top_banners: 0,
  bottom_banners: 0,
  models_counts: {
    total: 20,
    recommended: 5,
    featured: 10,
    new_revelations: 5,
  },
}
[Home] Ads data: {
  home_top_count: 1,
  home_middle_count: 0,
  home_bottom_count: 0,
  top_banners: 0,
  bottom_banners: 0,
  models_counts: {
    total: 20,
    recommended: 5,
    featured: 10,
    new_revelations: 5,
  },
}
[SSE] Cleanup complete. Total clients: 0
[SSE] Cleanup complete. Total clients: 0
[SSE] Cleanup complete. Total clients: 0
[SSE] Cleanup complete. Total clients: 0
[SSE] Cleanup complete. Total clients: 0
[SSE] Cleanup complete. Total clients: 0
[SSE] Cleanup complete. Total clients: 0
[SSE] Cleanup complete. Total clients: 0
[SSE] Cleanup complete. Total clients: 0
[SSE] Cleanup complete. Total clients: 0
[SSE] Cleanup complete. Total clients: 0
[SSE] Cleanup complete. Total clients: 0
[SSE] Cleanup complete. Total clients: 0
[SSE] Cleanup complete. Total clients: 0
[SSE] Cleanup complete. Total clients: 0
[SSE] Cleanup complete. Total clients: 0
[SSE] Cleanup complete. Total clients: 0
[SSE] Cleanup complete. Total clients: 0
[SSE] Cleanup complete. Total clients: 0
[SSE] Cleanup complete. Total clients: 0
[SSE] Cleanup complete. Total clients: 0
[SSE] Cleanup complete. Total clients: 0
[SSE] Cleanup complete. Total clients: 0
[SSE] Cleanup complete. Total clients: 0
[SSE] Cleanup complete. Total clients: 0
[SSE] Cleanup complete. Total clients: 0
[SSE] Cleanup complete. Total clients: 0
[SSE] Cleanup complete. Total clients: 0
[SSE] Cleanup complete. Total clients: 0
[SSE] Cleanup complete. Total clients: 0
[SSE] Cleanup complete. Total clients: 0
[SSE] Cleanup complete. Total clients: 0
[Home] Ads data: {
  home_top_count: 1,
  home_middle_count: 0,
  home_bottom_count: 0,
  top_banners: 0,
  bottom_banners: 0,
  models_counts: {
    total: 20,
    recommended: 5,
    featured: 10,
    new_revelations: 5,
  },
}
[Home] Ads data: {
  home_top_count: 1,
  home_middle_count: 0,
  home_bottom_count: 0,
  top_banners: 0,
  bottom_banners: 0,
  models_counts: {
    total: 20,
    recommended: 5,
    featured: 10,
    new_revelations: 5,
  },
}
[Home] Ads data: {
  home_top_count: 1,
  home_middle_count: 0,
  home_bottom_count: 0,
  top_banners: 0,
  bottom_banners: 0,
  models_counts: {
    total: 20,
    recommended: 5,
    featured: 10,
    new_revelations: 5,
  },
}
[Home] Ads data: {
  home_top_count: 1,
  home_middle_count: 0,
  home_bottom_count: 0,
  top_banners: 0,
  bottom_banners: 0,
  models_counts: {
    total: 20,
    recommended: 5,
    featured: 10,
    new_revelations: 5,
  },
}
[Home] Ads data: {
  home_top_count: 1,
  home_middle_count: 0,
  home_bottom_count: 0,
  top_banners: 0,
  bottom_banners: 0,
  models_counts: {
    total: 20,
    recommended: 5,
    featured: 10,
    new_revelations: 5,
  },
}
[Home] Ads data: {
  home_top_count: 1,
  home_middle_count: 0,
  home_bottom_count: 0,
  top_banners: 0,
  bottom_banners: 0,
  models_counts: {
    total: 20,
    recommended: 5,
    featured: 10,
    new_revelations: 5,
  },
}
[SSE] Cleanup complete. Total clients: 0
[SSE] Cleanup complete. Total clients: 0
[Home] Ads data: {
  home_top_count: 1,
  home_middle_count: 0,
  home_bottom_count: 0,
  top_banners: 0,
  bottom_banners: 0,
  models_counts: {
    total: 20,
    recommended: 5,
    featured: 10,
    new_revelations: 5,
  },
}
[Home] Ads data: {
  home_top_count: 1,
  home_middle_count: 0,
  home_bottom_count: 0,
  top_banners: 0,
  bottom_banners: 0,
  models_counts: {
    total: 20,
    recommended: 5,
    featured: 10,
    new_revelations: 5,
  },
}
[Home] Ads data: {
  home_top_count: 1,
  home_middle_count: 0,
  home_bottom_count: 0,
  top_banners: 0,
  bottom_banners: 0,
  models_counts: {
    total: 20,
    recommended: 5,
    featured: 10,
    new_revelations: 5,
  },
}
[Home] Ads data: {
  home_top_count: 1,
  home_middle_count: 0,
  home_bottom_count: 0,
  top_banners: 0,
  bottom_banners: 0,
  models_counts: {
    total: 20,
    recommended: 5,
    featured: 10,
    new_revelations: 5,
  },
}
[SSE] Cleanup complete. Total clients: 0
[SSE] Cleanup complete. Total clients: 0
[SSE] Cleanup complete. Total clients: 0
[SSE] Cleanup complete. Total clients: 0
[SSE] Cleanup complete. Total clients: 0
[SSE] Cleanup complete. Total clients: 0
[SSE] Cleanup complete. Total clients: 0
[SSE] Cleanup complete. Total clients: 0
[SSE] Cleanup complete. Total clients: 0
[Home] Ads data: {
  home_top_count: 1,
  home_middle_count: 0,
  home_bottom_count: 0,
  top_banners: 0,
  bottom_banners: 0,
  models_counts: {
    total: 20,
    recommended: 5,
    featured: 10,
    new_revelations: 5,
  },
}
[Home] Ads data: {
  home_top_count: 1,
  home_middle_count: 0,
  home_bottom_count: 0,
  top_banners: 0,
  bottom_banners: 0,
  models_counts: {
    total: 20,
    recommended: 5,
    featured: 10,
    new_revelations: 5,
  },
}
[Home] Ads data: {
  home_top_count: 1,
  home_middle_count: 0,
  home_bottom_count: 0,
  top_banners: 0,
  bottom_banners: 0,
  models_counts: {
    total: 20,
    recommended: 5,
    featured: 10,
    new_revelations: 5,
  },
}
[Home] Ads data: {
  home_top_count: 1,
  home_middle_count: 0,
  home_bottom_count: 0,
  top_banners: 0,
  bottom_banners: 0,
  models_counts: {
    total: 20,
    recommended: 5,
    featured: 10,
    new_revelations: 5,
  },
}
[SSE] Cleanup complete. Total clients: 0
[SSE] Cleanup complete. Total clients: 0
[SSE] Cleanup complete. Total clients: 0
[SSE] Cleanup complete. Total clients: 0
[SSE] Cleanup complete. Total clients: 0
[SSE] Cleanup complete. Total clients: 0
[SSE] Cleanup complete. Total clients: 0
[SSE] Cleanup complete. Total clients: 0
[SSE] Cleanup complete. Total clients: 0
[Home] Ads data: {
  home_top_count: 1,
  home_middle_count: 0,
  home_bottom_count: 0,
  top_banners: 0,
  bottom_banners: 0,
  models_counts: {
    total: 20,
    recommended: 5,
    featured: 10,
    new_revelations: 5,
  },
}
[Home] Ads data: {
  home_top_count: 1,
  home_middle_count: 0,
  home_bottom_count: 0,
  top_banners: 0,
  bottom_banners: 0,
  models_counts: {
    total: 20,
    recommended: 5,
    featured: 10,
    new_revelations: 5,
  },
}
[Home] Ads data: {
  home_top_count: 1,
  home_middle_count: 0,
  home_bottom_count: 0,
  top_banners: 0,
  bottom_banners: 0,
  models_counts: {
    total: 20,
    recommended: 5,
    featured: 10,
    new_revelations: 5,
  },
}
[SSE] Cleanup complete. Total clients: 0
[SSE] Cleanup complete. Total clients: 0
[SSE] Cleanup complete. Total clients: 0
[SSE] Cleanup complete. Total clients: 0
[SSE] Cleanup complete. Total clients: 0
[SSE] Cleanup complete. Total clients: 0
[SSE] Cleanup complete. Total clients: 0
[SSE] Cleanup complete. Total clients: 0
[SSE] Cleanup complete. Total clients: 0
[Home] Ads data: {
  home_top_count: 1,
  home_middle_count: 0,
  home_bottom_count: 0,
  top_banners: 0,
  bottom_banners: 0,
  models_counts: {
    total: 20,
    recommended: 5,
    featured: 10,
    new_revelations: 5,
  },
}
[SSE] Cleanup complete. Total clients: 0
[SSE] Cleanup complete. Total clients: 0
[SSE] Cleanup complete. Total clients: 0
[SSE] Cleanup complete. Total clients: 0
[SSE] Cleanup complete. Total clients: 0
[SSE] Cleanup complete. Total clients: 0
[SSE] Cleanup complete. Total clients: 0
[SSE] Cleanup complete. Total clients: 0
[SSE] Cleanup complete. Total clients: 0
[SSE] Cleanup complete. Total clients: 0
[SSE] Cleanup complete. Total clients: 0
[SSE] Cleanup complete. Total clients: 0
[SSE] Cleanup complete. Total clients: 0
[SSE] Cleanup complete. Total clients: 0
[SSE] Cleanup complete. Total clients: 0
[SSE] Cleanup complete. Total clients: 0
[SSE] Cleanup complete. Total clients: 0
[SSE] Cleanup complete. Total clients: 0
[Home] Ads data: {
  home_top_count: 1,
  home_middle_count: 0,
  home_bottom_count: 0,
  top_banners: 0,
  bottom_banners: 0,
  models_counts: {
    total: 20,
    recommended: 5,
    featured: 10,
    new_revelations: 5,
  },
}
[SSE] Cleanup complete. Total clients: 0
[SSE] Cleanup complete. Total clients: 0
[Home] Ads data: {
  home_top_count: 1,
  home_middle_count: 0,
  home_bottom_count: 0,
  top_banners: 0,
  bottom_banners: 0,
  models_counts: {
    total: 20,
    recommended: 5,
    featured: 10,
    new_revelations: 5,
  },
}
[Home] Ads data: {
  home_top_count: 1,
  home_middle_count: 0,
  home_bottom_count: 0,
  top_banners: 0,
  bottom_banners: 0,
  models_counts: {
    total: 20,
    recommended: 5,
    featured: 10,
    new_revelations: 5,
  },
}
[SSE] Cleanup complete. Total clients: 0
[SSE] Cleanup complete. Total clients: 0
[SSE] Cleanup complete. Total clients: 0
[SSE] Cleanup complete. Total clients: 0
[SSE] Cleanup complete. Total clients: 0
[SSE] Cleanup complete. Total clients: 0
[SSE] Cleanup complete. Total clients: 0
[SSE] Cleanup complete. Total clients: 0
[SSE] Cleanup complete. Total clients: 0
[SSE] Cleanup complete. Total clients: 0
[SSE] Cleanup complete. Total clients: 0
[SSE] Cleanup complete. Total clients: 0
[SSE] Cleanup complete. Total clients: 0
[SSE] Cleanup complete. Total clients: 0
[SSE] Cleanup complete. Total clients: 0
[Home] Ads data: {
  home_top_count: 1,
  home_middle_count: 0,
  home_bottom_count: 0,
  top_banners: 0,
  bottom_banners: 0,
  models_counts: {
    total: 20,
    recommended: 5,
    featured: 10,
    new_revelations: 5,
  },
}
[SSE] Cleanup complete. Total clients: 0
[SSE] Cleanup complete. Total clients: 0
[SSE] Cleanup complete. Total clients: 0
[SSE] Cleanup complete. Total clients: 0
[SSE] Cleanup complete. Total clients: 0
[SSE] Cleanup complete. Total clients: 0
[SSE] Cleanup complete. Total clients: 0
[SSE] Cleanup complete. Total clients: 0
[SSE] Cleanup complete. Total clients: 0
[SSE] Cleanup complete. Total clients: 0
[SSE] Cleanup complete. Total clients: 0
[SSE] Cleanup complete. Total clients: 0
[SSE] Cleanup complete. Total clients: 0
[SSE] Cleanup complete. Total clients: 0
[SSE] Cleanup complete. Total clients: 0
[SSE] Cleanup complete. Total clients: 0
[SSE] Cleanup complete. Total clients: 0
[SSE] Cleanup complete. Total clients: 0
[SSE] Cleanup complete. Total clients: 0
[SSE] Cleanup complete. Total clients: 0
[SSE] Cleanup complete. Total clients: 0
[SSE] Cleanup complete. Total clients: 0
[SSE] Cleanup complete. Total clients: 0
[SSE] Cleanup complete. Total clients: 0
[SSE] Cleanup complete. Total clients: 0
[SSE] Cleanup complete. Total clients: 0
[SSE] Cleanup complete. Total clients: 0
[SSE] Cleanup complete. Total clients: 0
[SSE] Cleanup complete. Total clients: 0
[SSE] Cleanup complete. Total clients: 0
[Home] Ads data: {
  home_top_count: 1,
  home_middle_count: 0,
  home_bottom_count: 0,
  top_banners: 0,
  bottom_banners: 0,
  models_counts: {
    total: 20,
    recommended: 5,
    featured: 10,
    new_revelations: 5,
  },
}
[Home] Ads data: {
  home_top_count: 1,
  home_middle_count: 0,
  home_bottom_count: 0,
  top_banners: 0,
  bottom_banners: 0,
  models_counts: {
    total: 20,
    recommended: 5,
    featured: 10,
    new_revelations: 5,
  },
}
[SSE] Cleanup complete. Total clients: 0
[Home] Ads data: {
  home_top_count: 1,
  home_middle_count: 0,
  home_bottom_count: 0,
  top_banners: 0,
  bottom_banners: 0,
  models_counts: {
    total: 20,
    recommended: 5,
    featured: 10,
    new_revelations: 5,
  },
}
[Home] Ads data: {
  home_top_count: 1,
  home_middle_count: 0,
  home_bottom_count: 0,
  top_banners: 0,
  bottom_banners: 0,
  models_counts: {
    total: 20,
    recommended: 5,
    featured: 10,
    new_revelations: 5,
  },
}
[Home] Ads data: {
  home_top_count: 1,
  home_middle_count: 0,
  home_bottom_count: 0,
  top_banners: 0,
  bottom_banners: 0,
  models_counts: {
    total: 20,
    recommended: 5,
    featured: 10,
    new_revelations: 5,
  },
}
[SSE] Cleanup complete. Total clients: 0
[Home] Ads data: {
  home_top_count: 1,
  home_middle_count: 0,
  home_bottom_count: 0,
  top_banners: 0,
  bottom_banners: 0,
  models_counts: {
    total: 20,
    recommended: 5,
    featured: 10,
    new_revelations: 5,
  },
}
[SSE] Cleanup complete. Total clients: 0
[SSE] Cleanup complete. Total clients: 0
[Home] Ads data: {
  home_top_count: 1,
  home_middle_count: 0,
  home_bottom_count: 0,
  top_banners: 0,
  bottom_banners: 0,
  models_counts: {
    total: 20,
    recommended: 5,
    featured: 10,
    new_revelations: 5,
  },
}
[SSE] Cleanup complete. Total clients: 0
[Home] Ads data: {
  home_top_count: 1,
  home_middle_count: 0,
  home_bottom_count: 0,
  top_banners: 0,
  bottom_banners: 0,
  models_counts: {
    total: 20,
    recommended: 5,
    featured: 10,
    new_revelations: 5,
  },
}
[SSE] Cleanup complete. Total clients: 0
[SSE] Cleanup complete. Total clients: 0
[SSE] Cleanup complete. Total clients: 0
[SSE] Cleanup complete. Total clients: 0
[SSE] Cleanup complete. Total clients: 0
[SSE] Cleanup complete. Total clients: 0
[SSE] Cleanup complete. Total clients: 0
[SSE] Cleanup complete. Total clients: 0
[Home] Ads data: {
  home_top_count: 1,
  home_middle_count: 0,
  home_bottom_count: 0,
  top_banners: 0,
  bottom_banners: 0,
  models_counts: {
    total: 20,
    recommended: 5,
    featured: 10,
    new_revelations: 5,
  },
}
[SSE] Cleanup complete. Total clients: 0
[SSE] Cleanup complete. Total clients: 0
[SSE] Cleanup complete. Total clients: 0
[SSE] Cleanup complete. Total clients: 0
[Home] Ads data: {
  home_top_count: 1,
  home_middle_count: 0,
  home_bottom_count: 0,
  top_banners: 0,
  bottom_banners: 0,
  models_counts: {
    total: 20,
    recommended: 5,
    featured: 10,
    new_revelations: 5,
  },
}
[SSE] Cleanup complete. Total clients: 0
[SSE] Cleanup complete. Total clients: 0
[SSE] Cleanup complete. Total clients: 0
[SSE] Cleanup complete. Total clients: 0
[SSE] Cleanup complete. Total clients: 0
[SSE] Cleanup complete. Total clients: 0
[SSE] Cleanup complete. Total clients: 0
[SSE] Cleanup complete. Total clients: 0
[SSE] Cleanup complete. Total clients: 0
[SSE] Cleanup complete. Total clients: 0
[SSE] Cleanup complete. Total clients: 0
[SSE] Cleanup complete. Total clients: 0
[SSE] Cleanup complete. Total clients: 0
[SSE] Cleanup complete. Total clients: 0
[SSE] Cleanup complete. Total clients: 0
[SSE] Cleanup complete. Total clients: 0
[SSE] Cleanup complete. Total clients: 0
[SSE] Cleanup complete. Total clients: 0
[SSE] Cleanup complete. Total clients: 0
[SSE] Cleanup complete. Total clients: 0
[SSE] Cleanup complete. Total clients: 0
[SSE] Cleanup complete. Total clients: 0
[SSE] Cleanup complete. Total clients: 0
[Home] Ads data: {
  home_top_count: 1,
  home_middle_count: 0,
  home_bottom_count: 0,
  top_banners: 0,
  bottom_banners: 0,
  models_counts: {
    total: 20,
    recommended: 5,
    featured: 10,
    new_revelations: 5,
  },
}
[SSE] Cleanup complete. Total clients: 0
[Home] Ads data: {
  home_top_count: 1,
  home_middle_count: 0,
  home_bottom_count: 0,
  top_banners: 0,
  bottom_banners: 0,
  models_counts: {
    total: 20,
    recommended: 5,
    featured: 10,
    new_revelations: 5,
  },
}
[SSE] Cleanup complete. Total clients: 0
[SSE] Cleanup complete. Total clients: 0
[SSE] Cleanup complete. Total clients: 0
[SSE] Cleanup complete. Total clients: 0
[SSE] Cleanup complete. Total clients: 0
[SSE] Cleanup complete. Total clients: 0
[SSE] Cleanup complete. Total clients: 0
[SSE] Cleanup complete. Total clients: 0
[SSE] Cleanup complete. Total clients: 0
[SSE] Cleanup complete. Total clients: 0
[SSE] Cleanup complete. Total clients: 0
[SSE] Cleanup complete. Total clients: 0
[SSE] Cleanup complete. Total clients: 0
[SSE] Cleanup complete. Total clients: 0
[SSE] Cleanup complete. Total clients: 0
[SSE] Cleanup complete. Total clients: 0
[Home] Ads data: {
  home_top_count: 1,
  home_middle_count: 0,
  home_bottom_count: 0,
  top_banners: 0,
  bottom_banners: 0,
  models_counts: {
    total: 20,
    recommended: 5,
    featured: 10,
    new_revelations: 5,
  },
}
[SSE] Cleanup complete. Total clients: 0
[SSE] Cleanup complete. Total clients: 0
[SSE] Cleanup complete. Total clients: 0
[SSE] Cleanup complete. Total clients: 0
[SSE] Cleanup complete. Total clients: 0
[SSE] Cleanup complete. Total clients: 0
[SSE] Cleanup complete. Total clients: 0
[SSE] Cleanup complete. Total clients: 0
[SSE] Cleanup complete. Total clients: 0
[SSE] Cleanup complete. Total clients: 0
[SSE] Cleanup complete. Total clients: 0
[SSE] Cleanup complete. Total clients: 0
[SSE] Cleanup complete. Total clients: 0
[SSE] Cleanup complete. Total clients: 0
[SSE] Cleanup complete. Total clients: 0
[SSE] Cleanup complete. Total clients: 0
[SSE] Cleanup complete. Total clients: 0
[Home] Ads data: {
  home_top_count: 1,
  home_middle_count: 0,
  home_bottom_count: 0,
  top_banners: 0,
  bottom_banners: 0,
  models_counts: {
    total: 20,
    recommended: 5,
    featured: 10,
    new_revelations: 5,
  },
}
[SSE] Cleanup complete. Total clients: 0
[SSE] Cleanup complete. Total clients: 0
[SSE] Cleanup complete. Total clients: 0
[SSE] Cleanup complete. Total clients: 0
[SSE] Cleanup complete. Total clients: 0
[SSE] Cleanup complete. Total clients: 0
[SSE] Cleanup complete. Total clients: 0
[SSE] Cleanup complete. Total clients: 0
[SSE] Cleanup complete. Total clients: 0
[SSE] Cleanup complete. Total clients: 0
[SSE] Cleanup complete. Total clients: 0
[SSE] Cleanup complete. Total clients: 0
[SSE] Cleanup complete. Total clients: 0
[SSE] Cleanup complete. Total clients: 0
[SSE] Cleanup complete. Total clients: 0
[SSE] Cleanup complete. Total clients: 0
[SSE] Cleanup complete. Total clients: 0
[SSE] Cleanup complete. Total clients: 0
[SSE] Cleanup complete. Total clients: 0
[Home] Ads data: {
  home_top_count: 1,
  home_middle_count: 0,
  home_bottom_count: 0,
  top_banners: 0,
  bottom_banners: 0,
  models_counts: {
    total: 20,
    recommended: 5,
    featured: 10,
    new_revelations: 5,
  },
}
[SSE] Cleanup complete. Total clients: 0
[SSE] Cleanup complete. Total clients: 0
[SSE] Cleanup complete. Total clients: 0
[SSE] Cleanup complete. Total clients: 0
[Home] Ads data: {
  home_top_count: 1,
  home_middle_count: 0,
  home_bottom_count: 0,
  top_banners: 0,
  bottom_banners: 0,
  models_counts: {
    total: 20,
    recommended: 5,
    featured: 10,
    new_revelations: 5,
  },
}
[SSE] Cleanup complete. Total clients: 0
[SSE] Cleanup complete. Total clients: 0
[Home] Ads data: {
  home_top_count: 1,
  home_middle_count: 0,
  home_bottom_count: 0,
  top_banners: 0,
  bottom_banners: 0,
  models_counts: {
    total: 20,
    recommended: 5,
    featured: 10,
    new_revelations: 5,
  },
}
[SSE] Cleanup complete. Total clients: 0
[SSE] Cleanup complete. Total clients: 0
[SSE] Cleanup complete. Total clients: 0
[SSE] Cleanup complete. Total clients: 0
[SSE] Cleanup complete. Total clients: 0
[SSE] Cleanup complete. Total clients: 0
[SSE] Cleanup complete. Total clients: 0
[SSE] Cleanup complete. Total clients: 0
[SSE] Cleanup complete. Total clients: 0
[SSE] Cleanup complete. Total clients: 0
[SSE] Cleanup complete. Total clients: 0
[SSE] Cleanup complete. Total clients: 0
[SSE] Cleanup complete. Total clients: 0
[SSE] Cleanup complete. Total clients: 0
[SSE] Cleanup complete. Total clients: 0
[SSE] Cleanup complete. Total clients: 0
[SSE] Cleanup complete. Total clients: 0
[SSE] Cleanup complete. Total clients: 0
[SSE] Cleanup complete. Total clients: 0
[SSE] Cleanup complete. Total clients: 0
[SSE] Cleanup complete. Total clients: 0
[SSE] Cleanup complete. Total clients: 0
[SSE] Cleanup complete. Total clients: 0
[SSE] Cleanup complete. Total clients: 0
[SSE] Cleanup complete. Total clients: 0
[SSE] Cleanup complete. Total clients: 0
[SSE] Cleanup complete. Total clients: 0
[SSE] Cleanup complete. Total clients: 0
[SSE] Cleanup complete. Total clients: 0
[SSE] Cleanup complete. Total clients: 0
[SSE] Cleanup complete. Total clients: 0
[SSE] Cleanup complete. Total clients: 0
[SSE] Cleanup complete. Total clients: 0
[SSE] Cleanup complete. Total clients: 0
[SSE] Cleanup complete. Total clients: 0
[SSE] Cleanup complete. Total clients: 0
[SSE] Cleanup complete. Total clients: 0
[SSE] Cleanup complete. Total clients: 0
